<?xml version="1.0" encoding="UTF-8"?>
<!-- Generated by org.testng.reporters.JUnitReportReporter -->
<testsuite hostname="Saravanan-Santhanam" failures="0" tests="1" name="New_ui_Testclass.Commusoft_WebAndMobile" time="54.465" errors="0" timestamp="2024-01-29T19:19:13 IST" skipped="0">
  <testcase classname="New_ui_Testclass.Commusoft_WebAndMobile" name="Demo" time="54.465"/>
  <system-out/>
</testsuite> <!-- New_ui_Testclass.Commusoft_WebAndMobile -->
