<?xml version="1.0" encoding="UTF-8"?>
<!-- Generated by org.testng.reporters.JUnitReportReporter -->
<testsuite hostname="commuqa02" failures="0" tests="1" name="New_ui_Testclass.BasicSmoke_MobAndWeb" time="91.072" errors="0" timestamp="2025-02-17T18:05:47 IST" skipped="0">
  <testcase classname="New_ui_Testclass.BasicSmoke_MobAndWeb" name="Demo" time="91.072"/>
</testsuite> <!-- New_ui_Testclass.BasicSmoke_MobAndWeb -->
