<?xml version="1.0" encoding="UTF-8"?>
<!-- Generated by org.testng.reporters.JUnitReportReporter -->
<testsuite hostname="Saravanan-Santhanam" failures="0" tests="26" name="New_ui_Testclass.VerifyMobAndWeb" time="1432.856" errors="0" timestamp="2023-09-22T13:10:31 IST" skipped="0">
  <testcase classname="New_ui_Testclass.VerifyMobAndWeb" name="CreateCustomerAndVerifyInWeb" time="48.576"/>
  <system-out/>
  <testcase classname="New_ui_Testclass.VerifyMobAndWeb" name="EditCustomerAndVerifyInWeb" time="33.866"/>
  <system-out/>
  <testcase classname="New_ui_Testclass.VerifyMobAndWeb" name="CustomerEditInWebAndVerifyInMob" time="18.785"/>
  <system-out/>
  <testcase classname="New_ui_Testclass.VerifyMobAndWeb" name="AddNotesForCustomer" time="101.044"/>
  <system-out/>
  <testcase classname="New_ui_Testclass.VerifyMobAndWeb" name="VerifyCustomerNotesInWeb" time="15.951"/>
  <system-out/>
  <testcase classname="New_ui_Testclass.VerifyMobAndWeb" name="Add_AttachedFiles_ForCustomer" time="39.703"/>
  <system-out/>
  <testcase classname="New_ui_Testclass.VerifyMobAndWeb" name="VerifyCustomerFilesInWeb" time="11.935"/>
  <system-out/>
  <testcase classname="New_ui_Testclass.VerifyMobAndWeb" name="Add_Reminders_ForCustomer" time="215.675"/>
  <system-out/>
  <testcase classname="New_ui_Testclass.VerifyMobAndWeb" name="VerifyCustomerRemindersOnWeb" time="10.168"/>
  <system-out/>
  <testcase classname="New_ui_Testclass.VerifyMobAndWeb" name="AddCustomerContactsInMob" time="8.654"/>
  <system-out/>
  <testcase classname="New_ui_Testclass.VerifyMobAndWeb" name="VerifyCustomerContactOnWeb" time="8.560"/>
  <system-out/>
  <testcase classname="New_ui_Testclass.VerifyMobAndWeb" name="AddWorkaddressAndVerifyInWeb" time="41.573"/>
  <system-out/>
  <testcase classname="New_ui_Testclass.VerifyMobAndWeb" name="EditWorkAddressAndVerifyinWeb" time="20.753"/>
  <system-out/>
  <testcase classname="New_ui_Testclass.VerifyMobAndWeb" name="WorkAddressEditInWebAndVerifyInMob" time="34.159"/>
  <system-out/>
  <testcase classname="New_ui_Testclass.VerifyMobAndWeb" name="EstimateAcceptWithPrice" time="199.053"/>
  <system-out/>
  <testcase classname="New_ui_Testclass.VerifyMobAndWeb" name="Verify_AcceptedEstimate_OnWeb" time="7.113"/>
  <system-out/>
  <testcase classname="New_ui_Testclass.VerifyMobAndWeb" name="Reject_Estimate" time="108.521"/>
  <system-out/>
  <testcase classname="New_ui_Testclass.VerifyMobAndWeb" name="Verify_RejectedEstimateInWeb" time="7.682"/>
  <system-out/>
  <testcase classname="New_ui_Testclass.VerifyMobAndWeb" name="Abort_Estimate" time="108.721"/>
  <system-out/>
  <testcase classname="New_ui_Testclass.VerifyMobAndWeb" name="Verify_AbortedEstimateInWeb" time="7.236"/>
  <system-out/>
  <testcase classname="New_ui_Testclass.VerifyMobAndWeb" name="CompleteJobWithInvoice" time="183.907"/>
  <system-out/>
  <testcase classname="New_ui_Testclass.VerifyMobAndWeb" name="Verify_CompletedJobWithFinalInvoice_OnWeb" time="7.075"/>
  <system-out/>
  <testcase classname="New_ui_Testclass.VerifyMobAndWeb" name="Reject_Job" time="100.499"/>
  <system-out/>
  <testcase classname="New_ui_Testclass.VerifyMobAndWeb" name="Verify_RejectedJobInWeb" time="7.047"/>
  <system-out/>
  <testcase classname="New_ui_Testclass.VerifyMobAndWeb" name="Abort_Job" time="79.593"/>
  <system-out/>
  <testcase classname="New_ui_Testclass.VerifyMobAndWeb" name="Verify_AbortedJobInWeb" time="7.007"/>
  <system-out/>
</testsuite> <!-- New_ui_Testclass.VerifyMobAndWeb -->
