<?xml version="1.0" encoding="UTF-8"?>
<!-- Generated by org.testng.reporters.JUnitReportReporter -->
<testsuite hostname="commuqa02" failures="0" tests="4" name="New_ui_Testclass.Grouping" time="0.015" errors="0" timestamp="2024-10-02T09:34:42 IST" skipped="0">
  <testcase classname="New_ui_Testclass.Grouping" name="testCase3" time="0.001"/>
  <testcase classname="New_ui_Testclass.Grouping" name="testCase2" time="0.003"/>
  <testcase classname="New_ui_Testclass.Grouping" name="testCase4" time="0.001"/>
  <testcase classname="New_ui_Testclass.Grouping" name="testCase1" time="0.010"/>
</testsuite> <!-- New_ui_Testclass.Grouping -->
