<?xml version="1.0" encoding="UTF-8"?>
<!-- Generated by org.testng.reporters.JUnitReportReporter -->
<testsuite hostname="Saravanan-Santhanam" failures="0" tests="3" name="Test.DemoRun" time="205.458" errors="0" timestamp="2022-12-29T12:56:48 IST" skipped="0">
  <testcase classname="Test.DemoRun" name="Create_Customer" time="23.074"/>
  <system-out/>
  <testcase classname="Test.DemoRun" name="Edit_CustomerDetails" time="50.488"/>
  <system-out/>
  <testcase classname="Test.DemoRun" name="Add_NotesForCustomer" time="131.896"/>
  <system-out/>
</testsuite> <!-- Test.DemoRun -->
