<?xml version="1.0" encoding="UTF-8"?>
<!-- Generated by org.testng.reporters.JUnitReportReporter -->
<testsuite hostname="Saravanan-Santhanam" failures="0" tests="6" name="Test.Customer_Related_TestCases" time="241.605" errors="0" timestamp="2022-11-24T15:29:51 IST" skipped="5">
  <testcase classname="Test.Customer_Related_TestCases" name="Demo" time="241.605"/>
  <system-out/>
  <testcase classname="Test.Customer_Related_TestCases" name="Add_Notes_ForCustomer">
    <skipped/>
  </testcase> <!-- Add_Notes_ForCustomer -->
  <system-out/>
  <testcase classname="Test.Customer_Related_TestCases" name="AddCustomer">
    <skipped/>
  </testcase> <!-- AddCustomer -->
  <system-out/>
  <testcase classname="Test.Customer_Related_TestCases" name="Assets_ForCustomer">
    <skipped/>
  </testcase> <!-- Assets_ForCustomer -->
  <system-out/>
  <testcase classname="Test.Customer_Related_TestCases" name="Attached_Files_For_Customer">
    <skipped/>
  </testcase> <!-- Attached_Files_For_Customer -->
  <system-out/>
  <testcase classname="Test.Customer_Related_TestCases" name="Edit_CustomerDetails">
    <skipped/>
  </testcase> <!-- Edit_CustomerDetails -->
  <system-out/>
</testsuite> <!-- Test.Customer_Related_TestCases -->
