<?xml version="1.0" encoding="UTF-8"?>
<!-- Generated by org.testng.reporters.JUnitReportReporter -->
<testsuite hostname="Saravanan-Santhanam" failures="0" tests="1" name="Test.CommusoftDevBaseClass" time="0.010" errors="0" timestamp="2022-11-08T11:57:56 IST" skipped="0">
  <testcase classname="Test.CommusoftDevBaseClass" name="Test" time="0.010"/>
  <system-out/>
</testsuite> <!-- Test.CommusoftDevBaseClass -->
