<?xml version="1.0" encoding="UTF-8"?>
<!-- Generated by org.testng.reporters.JUnitReportReporter -->
<testsuite hostname="commuqa02" failures="0" tests="47" name="New_ui_Testclass.Commusoft_WebAndMobile" time="2829.324" errors="1" timestamp="2024-09-13T18:08:13 IST" skipped="6">
  <testcase classname="New_ui_Testclass.Commusoft_WebAndMobile" name="Add_CustomerInWeb" time="19.822"/>
  <testcase classname="New_ui_Testclass.Commusoft_WebAndMobile" name="VerifyWebCustomerInMobile" time="19.733"/>
  <testcase classname="New_ui_Testclass.Commusoft_WebAndMobile" name="EditCustomerInWeb" time="13.768"/>
  <testcase classname="New_ui_Testclass.Commusoft_WebAndMobile" name="VerifyWebEditedCustomerInMobile" time="13.469"/>
  <testcase classname="New_ui_Testclass.Commusoft_WebAndMobile" name="CommunicationForWebCustomer" time="78.056">
    <skipped/>
  </testcase> <!-- CommunicationForWebCustomer -->
  <testcase classname="New_ui_Testclass.Commusoft_WebAndMobile" name="CommunicationForWebCustomer" time="42.985"/>
  <testcase classname="New_ui_Testclass.Commusoft_WebAndMobile" name="Verify_Customer_Communication_InMobile" time="15.562"/>
  <testcase classname="New_ui_Testclass.Commusoft_WebAndMobile" name="Verify_Customer_Communication_InMobile" time="46.801">
    <skipped/>
  </testcase> <!-- Verify_Customer_Communication_InMobile -->
  <testcase classname="New_ui_Testclass.Commusoft_WebAndMobile" name="ContactsForWebCustomer" time="19.721"/>
  <testcase classname="New_ui_Testclass.Commusoft_WebAndMobile" name="Verify_CustomerContactsInMobile" time="18.040"/>
  <testcase classname="New_ui_Testclass.Commusoft_WebAndMobile" name="CreateCustomerInMob_AndVerifyInWeb" time="35.315"/>
  <testcase classname="New_ui_Testclass.Commusoft_WebAndMobile" name="EditCustomerInMob_AndVerifyInWeb" time="26.141"/>
  <testcase classname="New_ui_Testclass.Commusoft_WebAndMobile" name="AddCommunicationForCustomerInMobile" time="78.168"/>
  <testcase classname="New_ui_Testclass.Commusoft_WebAndMobile" name="VerifyMobileCustomerCommunicationInWeb" time="7.681"/>
  <testcase classname="New_ui_Testclass.Commusoft_WebAndMobile" name="CreateEstimateDiaryEventInWeb_ForAccept" time="49.880"/>
  <testcase classname="New_ui_Testclass.Commusoft_WebAndMobile" name="Complete_Estimate_DiaryEvent_WithPrice_InMobile" time="73.768"/>
  <testcase classname="New_ui_Testclass.Commusoft_WebAndMobile" name="AcceptedEstimate_StatusAndNotification_Verification_InWeb" time="12.376"/>
  <testcase classname="New_ui_Testclass.Commusoft_WebAndMobile" name="CreateEstimateDiaryEventInWeb_ForReject" time="40.456"/>
  <testcase classname="New_ui_Testclass.Commusoft_WebAndMobile" name="Reject_Estimate_DiaryEvent_InMob" time="17.570"/>
  <testcase classname="New_ui_Testclass.Commusoft_WebAndMobile" name="RejectedEstimate_Status_Verification_InWeb" time="5.004"/>
  <testcase classname="New_ui_Testclass.Commusoft_WebAndMobile" name="CreateEstimateDiaryEventInWeb_ForAbort" time="40.829"/>
  <testcase classname="New_ui_Testclass.Commusoft_WebAndMobile" name="Abort_Estimate_DiaryEvent_InMob" time="16.510"/>
  <testcase classname="New_ui_Testclass.Commusoft_WebAndMobile" name="AbortedEstimate_Status_Verification_InWeb" time="4.879"/>
  <testcase classname="New_ui_Testclass.Commusoft_WebAndMobile" name="Create_EstimateWithoutSurveyTemplate_InWeb" time="78.102"/>
  <testcase classname="New_ui_Testclass.Commusoft_WebAndMobile" name="Complete_Estimate_without_price_and_QA_InMob" time="61.011"/>
  <testcase classname="New_ui_Testclass.Commusoft_WebAndMobile" name="Verify_StatusOf_Estimate_Without_Price_And_QA_InWeb" time="7.211"/>
  <testcase classname="New_ui_Testclass.Commusoft_WebAndMobile" name="CreateJobDiaryEventInWeb_UsingNewQuestionTemplate" time="50.861"/>
  <testcase classname="New_ui_Testclass.Commusoft_WebAndMobile" name="Complete_Job_With_Nobreakdown_FinalInvoiceAndPaymentOnMobile_UsingNewQuestionTemplate" time="68.840"/>
  <testcase classname="New_ui_Testclass.Commusoft_WebAndMobile" name="Verify_CompletedJob_WithNoBreakdown_FinalInvoice_AndPaymentOnWeb_UsingNewQuestionTemplate" time="8.718"/>
  <testcase classname="New_ui_Testclass.Commusoft_WebAndMobile" name="CreateJobDiaryEventInWeb_UsingOldSetup_WithQuestionAndSignature" time="116.763"/>
  <testcase classname="New_ui_Testclass.Commusoft_WebAndMobile" name="Complete_Job_With_BreakdownByCategory_FinalInvoiceAndPaymentOnMobile_UsingOldSetup_Including_QuestionAndSignature" time="79.080"/>
  <testcase classname="New_ui_Testclass.Commusoft_WebAndMobile" name="Verify_CompletedJob_WithBreakdownByCategory_FinalInvoice_AndPaymentOnWeb_UsingOldSetup_Including_QuestionAndSignature" time="9.494"/>
  <testcase classname="New_ui_Testclass.Commusoft_WebAndMobile" name="CreateJobDiaryEventInWeb_UsingOldSetup_WithoutQuestionAndSignature" time="112.698"/>
  <testcase classname="New_ui_Testclass.Commusoft_WebAndMobile" name="Complete_Job_With_FullBreakdown_FinalInvoiceAndPaymentOnMobile_UsingOldSetup_WithoutQuestionAndSignature" time="64.657"/>
  <testcase classname="New_ui_Testclass.Commusoft_WebAndMobile" name="Verify_CompletedJob_WithFullBreakdown_FinalInvoiceAndPaymentOnWeb_UsingOldSetup_WithoutQuestionAndSignature" time="7.730"/>
  <testcase classname="New_ui_Testclass.Commusoft_WebAndMobile" name="Reset_OldQuestionSetup" time="59.197"/>
  <testcase classname="New_ui_Testclass.Commusoft_WebAndMobile" name="CreatePrefinalInvoiceOnMobile_Verify_PrefinalInvoiceOnWebAndMobile_Then_VerifyFinalInvoiceOnBothPlatform_AfterJobCompletion" time="141.014"/>
  <testcase classname="New_ui_Testclass.Commusoft_WebAndMobile" name="AddJobInWebAndCreateCertificateInMobileThenVerifyOnBothPlatform" time="101.124"/>
  <testcase classname="New_ui_Testclass.Commusoft_WebAndMobile" name="EditCertificateInWebAndVerifyModifiedCertificateOnMobile_FinallyEmailCertificateThenVerifyInMobileGmail" time="217.756"/>
  <testcase classname="New_ui_Testclass.Commusoft_WebAndMobile" name="CreateJobInWeb_WithoutCompletionOnMob_AndVerifyStatusOnWeb" time="113.736"/>
  <testcase classname="New_ui_Testclass.Commusoft_WebAndMobile" name="CreateJobWithDefaultPrefinalInvoice_AndVerifyItOnMobileAndCompleteJob_FinallyVerifyConvertedFinalInvoiceOnBothMobileAndWeb" time="105.093">
    <error message="Expected condition failed: waiting for element to be clickable: By.xpath: //ul[@class=&#039;select2-results&#039;]/li[1] (tried for 40 second(s) with 500 milliseconds interval)
Build info: version: &#039;3.141.59&#039;, revision: &#039;e82be7d358&#039;, time: &#039;2018-11-14T08:17:03&#039;
System info: host: &#039;COMMUQA02&#039;, ip: &#039;192.168.100.189&#039;, os.name: &#039;Windows 11&#039;, os.arch: &#039;amd64&#039;, os.version: &#039;10.0&#039;, java.version: &#039;22.0.2&#039;
Driver info: org.openqa.selenium.support.events.EventFiringWebDriver
Capabilities {acceptInsecureCerts: false, browserName: chrome, browserVersion: 128.0.6613.138, chrome: {chromedriverVersion: 128.0.6613.137 (fe621c5aa2d..., userDataDir: C:\Users\sarav\AppData\Loca...}, fedcm:accounts: true, goog:chromeOptions: {debuggerAddress: localhost:49810}, javascriptEnabled: true, networkConnectionEnabled: false, pageLoadStrategy: normal, platform: WINDOWS, platformName: WINDOWS, proxy: Proxy(), setWindowRect: true, strictFileInteractability: false, timeouts: {implicit: 0, pageLoad: 300000, script: 30000}, unhandledPromptBehavior: dismiss and notify, webauthn:extension:credBlob: true, webauthn:extension:largeBlob: true, webauthn:extension:minPinLength: true, webauthn:extension:prf: true, webauthn:virtualAuthenticators: true}
Session ID: c413941ac4e08d25e027cadfc24f0d98" type="org.openqa.selenium.TimeoutException">
      <![CDATA[org.openqa.selenium.TimeoutException: Expected condition failed: waiting for element to be clickable: By.xpath: //ul[@class='select2-results']/li[1] (tried for 40 second(s) with 500 milliseconds interval)
Build info: version: '3.141.59', revision: 'e82be7d358', time: '2018-11-14T08:17:03'
System info: host: 'COMMUQA02', ip: '192.168.100.189', os.name: 'Windows 11', os.arch: 'amd64', os.version: '10.0', java.version: '22.0.2'
Driver info: org.openqa.selenium.support.events.EventFiringWebDriver
Capabilities {acceptInsecureCerts: false, browserName: chrome, browserVersion: 128.0.6613.138, chrome: {chromedriverVersion: 128.0.6613.137 (fe621c5aa2d..., userDataDir: C:\Users\sarav\AppData\Loca...}, fedcm:accounts: true, goog:chromeOptions: {debuggerAddress: localhost:49810}, javascriptEnabled: true, networkConnectionEnabled: false, pageLoadStrategy: normal, platform: WINDOWS, platformName: WINDOWS, proxy: Proxy(), setWindowRect: true, strictFileInteractability: false, timeouts: {implicit: 0, pageLoad: 300000, script: 30000}, unhandledPromptBehavior: dismiss and notify, webauthn:extension:credBlob: true, webauthn:extension:largeBlob: true, webauthn:extension:minPinLength: true, webauthn:extension:prf: true, webauthn:virtualAuthenticators: true}
Session ID: c413941ac4e08d25e027cadfc24f0d98
at org.openqa.selenium.support.ui.WebDriverWait.timeoutException(WebDriverWait.java:95)
at org.openqa.selenium.support.ui.FluentWait.until(FluentWait.java:272)
at MainPack.WrapperForWeb.ExplicitWait_ElementToBeClickable2(WrapperForWeb.java:320)
at MobAndWeb_Page.Settings.DefaultNominalValue(Settings.java:318)
at New_ui_Testclass.Commusoft_WebAndMobile.CreateJobWithDefaultPrefinalInvoice_AndVerifyItOnMobileAndCompleteJob_FinallyVerifyConvertedFinalInvoiceOnBothMobileAndWeb(Commusoft_WebAndMobile.java:1506)
at java.base/jdk.internal.reflect.DirectMethodHandleAccessor.invoke(DirectMethodHandleAccessor.java:103)
at java.base/java.lang.reflect.Method.invoke(Method.java:580)
at org.testng.internal.invokers.MethodInvocationHelper.invokeMethod(MethodInvocationHelper.java:141)
at org.testng.internal.invokers.TestInvoker.invokeMethod(TestInvoker.java:686)
at org.testng.internal.invokers.TestInvoker.retryFailed(TestInvoker.java:269)
at org.testng.internal.invokers.MethodRunner.runInSequence(MethodRunner.java:76)
at org.testng.internal.invokers.TestInvoker$MethodInvocationAgent.invoke(TestInvoker.java:992)
at org.testng.internal.invokers.TestInvoker.invokeTestMethods(TestInvoker.java:203)
at org.testng.internal.invokers.TestMethodWorker.invokeTestMethods(TestMethodWorker.java:154)
at org.testng.internal.invokers.TestMethodWorker.run(TestMethodWorker.java:134)
at java.base/java.util.ArrayList.forEach(ArrayList.java:1597)
at org.testng.TestRunner.privateRun(TestRunner.java:739)
at org.testng.TestRunner.run(TestRunner.java:614)
at org.testng.SuiteRunner.runTest(SuiteRunner.java:421)
at org.testng.SuiteRunner.runSequentially(SuiteRunner.java:413)
at org.testng.SuiteRunner.privateRun(SuiteRunner.java:373)
at org.testng.SuiteRunner.run(SuiteRunner.java:312)
at org.testng.SuiteRunnerWorker.runSuite(SuiteRunnerWorker.java:52)
at org.testng.SuiteRunnerWorker.run(SuiteRunnerWorker.java:95)
at org.testng.TestNG.runSuitesSequentially(TestNG.java:1274)
at org.testng.TestNG.runSuitesLocally(TestNG.java:1208)
at org.testng.TestNG.runSuites(TestNG.java:1112)
at org.testng.TestNG.run(TestNG.java:1079)
at org.testng.remote.AbstractRemoteTestNG.run(AbstractRemoteTestNG.java:115)
at org.testng.remote.RemoteTestNG.initAndRun(RemoteTestNG.java:293)
at org.testng.remote.RemoteTestNG.main(RemoteTestNG.java:91)
]]>
    </error>
  </testcase> <!-- CreateJobWithDefaultPrefinalInvoice_AndVerifyItOnMobileAndCompleteJob_FinallyVerifyConvertedFinalInvoiceOnBothMobileAndWeb -->
  <testcase classname="New_ui_Testclass.Commusoft_WebAndMobile" name="CreateJobWithDefaultPrefinalInvoice_AndVerifyItOnMobileAndCompleteJob_FinallyVerifyConvertedFinalInvoiceOnBothMobileAndWeb" time="108.127">
    <skipped/>
  </testcase> <!-- CreateJobWithDefaultPrefinalInvoice_AndVerifyItOnMobileAndCompleteJob_FinallyVerifyConvertedFinalInvoiceOnBothMobileAndWeb -->
  <testcase classname="New_ui_Testclass.Commusoft_WebAndMobile" name="CreateJobWithDefaultPrefinalInvoice_AndVerifyItOnMobileAndCompleteJob_FinallyVerifyConvertedFinalInvoiceOnBothMobileAndWeb" time="135.702">
    <skipped/>
  </testcase> <!-- CreateJobWithDefaultPrefinalInvoice_AndVerifyItOnMobileAndCompleteJob_FinallyVerifyConvertedFinalInvoiceOnBothMobileAndWeb -->
  <testcase classname="New_ui_Testclass.Commusoft_WebAndMobile" name="SelectCompletedJobFromWebNotificationAndCreateFinalInvoiceForJobInWeb_ThenCompleteInvoiceFromMobile_FinallyVerifyOnBothMobileAndWeb" time="120.727">
    <skipped/>
  </testcase> <!-- SelectCompletedJobFromWebNotificationAndCreateFinalInvoiceForJobInWeb_ThenCompleteInvoiceFromMobile_FinallyVerifyOnBothMobileAndWeb -->
  <testcase classname="New_ui_Testclass.Commusoft_WebAndMobile" name="SelectCompletedJobFromWebNotificationAndCreateFinalInvoiceForJobInWeb_ThenCompleteInvoiceFromMobile_FinallyVerifyOnBothMobileAndWeb" time="121.826">
    <skipped/>
  </testcase> <!-- SelectCompletedJobFromWebNotificationAndCreateFinalInvoiceForJobInWeb_ThenCompleteInvoiceFromMobile_FinallyVerifyOnBothMobileAndWeb -->
  <testcase classname="New_ui_Testclass.Commusoft_WebAndMobile" name="SelectCompletedJobFromWebNotificationAndCreateFinalInvoiceForJobInWeb_ThenCompleteInvoiceFromMobile_FinallyVerifyOnBothMobileAndWeb" time="140.026"/>
  <testcase classname="New_ui_Testclass.Commusoft_WebAndMobile" name="VerifyArriveAndLeaveAnswersOnBothMobileAndWeb" time="103.297"/>
</testsuite> <!-- New_ui_Testclass.Commusoft_WebAndMobile -->
