<?xml version="1.0" encoding="UTF-8"?>
<!-- Generated by org.testng.reporters.JUnitReportReporter -->
<testsuite hostname="DESKTOP-PS0MK9Q" failures="0" tests="1" name="New_ui_Testclass.Mobile_Calculator" time="0.035" errors="0" timestamp="2024-07-02T13:40:27 IST" skipped="0">
  <testcase classname="New_ui_Testclass.Mobile_Calculator" name="test" time="0.035"/>
  <system-out/>
</testsuite> <!-- New_ui_Testclass.Mobile_Calculator -->
