<?xml version="1.0" encoding="UTF-8"?>
<!-- Generated by org.testng.reporters.JUnitReportReporter -->
<testsuite hostname="Saravanan-Santhanam" failures="0" tests="31" name="New_ui_Testclass.BasicSmoke_MobAndWeb" time="1567.586" errors="0" timestamp="2024-05-06T11:55:09 IST" skipped="1">
  <testcase classname="New_ui_Testclass.BasicSmoke_MobAndWeb" name="CreateCustomerAndVerifyInWeb" time="41.457"/>
  <system-out/>
  <testcase classname="New_ui_Testclass.BasicSmoke_MobAndWeb" name="EditCustomerAndVerifyInWeb" time="27.635"/>
  <system-out/>
  <testcase classname="New_ui_Testclass.BasicSmoke_MobAndWeb" name="CustomerEditInWebAndVerifyInMob" time="15.180"/>
  <system-out/>
  <testcase classname="New_ui_Testclass.BasicSmoke_MobAndWeb" name="AddCommunicationsForCustomer_InMobile" time="68.389"/>
  <system-out/>
  <testcase classname="New_ui_Testclass.BasicSmoke_MobAndWeb" name="VerifyCustomerNotesInWeb" time="6.375"/>
  <system-out/>
  <testcase classname="New_ui_Testclass.BasicSmoke_MobAndWeb" name="Add_AttachedFiles_ForCustomer_InMobile" time="40.008"/>
  <system-out/>
  <testcase classname="New_ui_Testclass.BasicSmoke_MobAndWeb" name="VerifyCustomerFilesInWeb" time="46.552">
    <skipped/>
  </testcase> <!-- VerifyCustomerFilesInWeb -->
  <system-out/>
  <testcase classname="New_ui_Testclass.BasicSmoke_MobAndWeb" name="VerifyCustomerFilesInWeb" time="6.493"/>
  <system-out/>
  <testcase classname="New_ui_Testclass.BasicSmoke_MobAndWeb" name="Assets_ForCustomer" time="32.782"/>
  <system-out/>
  <testcase classname="New_ui_Testclass.BasicSmoke_MobAndWeb" name="Add_Reminders_ForCustomer_InMobile" time="77.204"/>
  <system-out/>
  <testcase classname="New_ui_Testclass.BasicSmoke_MobAndWeb" name="VerifyCustomerRemindersOnWeb" time="7.922"/>
  <system-out/>
  <testcase classname="New_ui_Testclass.BasicSmoke_MobAndWeb" name="AddCustomerContactsInMob" time="16.378"/>
  <system-out/>
  <testcase classname="New_ui_Testclass.BasicSmoke_MobAndWeb" name="VerifyCustomerContactOnWeb" time="6.012"/>
  <system-out/>
  <testcase classname="New_ui_Testclass.BasicSmoke_MobAndWeb" name="AddWorkaddressAndVerifyInWeb" time="38.531"/>
  <system-out/>
  <testcase classname="New_ui_Testclass.BasicSmoke_MobAndWeb" name="EditWorkAddressAndVerifyinWeb" time="16.998"/>
  <system-out/>
  <testcase classname="New_ui_Testclass.BasicSmoke_MobAndWeb" name="WorkAddressEditInWebAndVerifyInMob" time="22.463"/>
  <system-out/>
  <testcase classname="New_ui_Testclass.BasicSmoke_MobAndWeb" name="EstimateAcceptWithPrice_InMobile" time="193.679"/>
  <system-out/>
  <testcase classname="New_ui_Testclass.BasicSmoke_MobAndWeb" name="Verify_AcceptedEstimate_OnWeb" time="5.208"/>
  <system-out/>
  <testcase classname="New_ui_Testclass.BasicSmoke_MobAndWeb" name="Reject_Estimate_InMobile" time="83.646"/>
  <system-out/>
  <testcase classname="New_ui_Testclass.BasicSmoke_MobAndWeb" name="Verify_RejectedEstimateInWeb" time="5.548"/>
  <system-out/>
  <testcase classname="New_ui_Testclass.BasicSmoke_MobAndWeb" name="Abort_Estimate_InMobile" time="83.191"/>
  <system-out/>
  <testcase classname="New_ui_Testclass.BasicSmoke_MobAndWeb" name="Verify_AbortedEstimateInWeb" time="6.344"/>
  <system-out/>
  <testcase classname="New_ui_Testclass.BasicSmoke_MobAndWeb" name="CompleteJobWithInvoiceAndPayment_InMobile" time="182.534"/>
  <system-out/>
  <testcase classname="New_ui_Testclass.BasicSmoke_MobAndWeb" name="Verify_CompletedJobWithFinalInvoice_OnWeb" time="8.334"/>
  <system-out/>
  <testcase classname="New_ui_Testclass.BasicSmoke_MobAndWeb" name="Reject_Job_InMobile" time="79.392"/>
  <system-out/>
  <testcase classname="New_ui_Testclass.BasicSmoke_MobAndWeb" name="Verify_RejectedJobInWeb" time="5.464"/>
  <system-out/>
  <testcase classname="New_ui_Testclass.BasicSmoke_MobAndWeb" name="Abort_Job_InMobile" time="79.866"/>
  <system-out/>
  <testcase classname="New_ui_Testclass.BasicSmoke_MobAndWeb" name="Verify_AbortedJobInWeb" time="5.065"/>
  <system-out/>
  <testcase classname="New_ui_Testclass.BasicSmoke_MobAndWeb" name="GenerateCertificateForJob_And_VerifyInMobile" time="163.231"/>
  <system-out/>
  <testcase classname="New_ui_Testclass.BasicSmoke_MobAndWeb" name="Verify_CompletedCertificateInWeb" time="7.078"/>
  <system-out/>
  <testcase classname="New_ui_Testclass.BasicSmoke_MobAndWeb" name="EmailCertificateFromMobileAndVerifyOnTheGmailApp" time="188.627"/>
  <system-out/>
</testsuite> <!-- New_ui_Testclass.BasicSmoke_MobAndWeb -->
