<?xml version="1.0" encoding="UTF-8"?>
<!-- Generated by org.testng.reporters.JUnitReportReporter -->
<testsuite hostname="Saravanan-Santhanam" failures="0" tests="1" name="New_ui_Testclass.HeadlessRun" time="16.279" errors="0" timestamp="2024-02-26T10:40:46 IST" skipped="0">
  <testcase classname="New_ui_Testclass.HeadlessRun" name="Test" time="16.279"/>
  <system-out/>
</testsuite> <!-- New_ui_Testclass.HeadlessRun -->
