<?xml version="1.0" encoding="UTF-8"?>
<!-- Generated by org.testng.reporters.JUnitReportReporter -->
<testsuite hostname="Saravanan-Santhanam" failures="0" tests="1" name="Test.Demo" time="8.586" errors="0" timestamp="2023-12-18T19:03:53 IST" skipped="0">
  <testcase classname="Test.Demo" name="ConnectWeb" time="8.586"/>
  <system-out/>
</testsuite> <!-- Test.Demo -->
