<?xml version="1.0" encoding="UTF-8"?>
<!-- Generated by org.testng.reporters.JUnitReportReporter -->
<testsuite hostname="Saravanan-Santhanam" failures="0" tests="1" name="New_ui_Testclass.InstaTest" time="22.402" errors="0" timestamp="2023-09-19T23:54:16 IST" skipped="0">
  <testcase classname="New_ui_Testclass.InstaTest" name="Test" time="22.402"/>
  <system-out/>
</testsuite> <!-- New_ui_Testclass.InstaTest -->
