<?xml version="1.0" encoding="UTF-8"?>
<!-- Generated by org.testng.reporters.JUnitReportReporter -->
<testsuite hostname="Saravanan-Santhanam" failures="0" tests="1" name="Test.BaseClass" time="0.005" errors="0" timestamp="2022-11-07T14:40:56 IST" skipped="0">
  <testcase classname="Test.BaseClass" name="Test" time="0.005"/>
  <system-out/>
</testsuite> <!-- Test.BaseClass -->
