<?xml version="1.0" encoding="UTF-8"?>
<!-- Generated by org.testng.reporters.JUnitReportReporter -->
<testsuite hostname="commuqa02" failures="0" tests="3" name="New_ui_Testclass.Demo" time="0.009" errors="0" timestamp="2024-10-14T18:14:42 IST" skipped="0">
  <testcase classname="New_ui_Testclass.Demo" name="ABCDE" time="0.001"/>
  <testcase classname="New_ui_Testclass.Demo" name="ABCD1" time="0.000"/>
  <testcase classname="New_ui_Testclass.Demo" name="ABC1" time="0.008"/>
</testsuite> <!-- New_ui_Testclass.Demo -->
