<?xml version="1.0" encoding="UTF-8"?>
<!-- Generated by org.testng.reporters.JUnitReportReporter -->
<testsuite hostname="Saravanan-Santhanam" failures="0" tests="1" name="New_ui_Testclass.DemoTest" time="4.574" errors="0" timestamp="2023-12-28T14:45:02 IST" skipped="0">
  <testcase classname="New_ui_Testclass.DemoTest" name="CreateCustomerAndVerifyInWeb" time="4.574"/>
  <system-out/>
</testsuite> <!-- New_ui_Testclass.DemoTest -->
