<?xml version="1.0" encoding="UTF-8"?>
<!-- Generated by org.testng.reporters.JUnitReportReporter -->
<testsuite hostname="commuqa02" failures="0" tests="1" name="New_ui_Testclass.DemoTest" time="0.179" errors="0" timestamp="2024-09-13T17:13:46 IST" skipped="0">
  <testcase classname="New_ui_Testclass.DemoTest" name="test" time="0.179"/>
</testsuite> <!-- New_ui_Testclass.DemoTest -->
