<?xml version="1.0" encoding="UTF-8"?>
<!-- Generated by org.testng.reporters.JUnitReportReporter -->
<testsuite hostname="DESKTOP-PS0MK9Q" failures="0" tests="1" name="New_ui_Testclass.Demo" time="3.658" errors="0" timestamp="2024-07-04T11:41:18 IST" skipped="0">
  <testcase classname="New_ui_Testclass.Demo" name="test" time="3.658"/>
</testsuite> <!-- New_ui_Testclass.Demo -->
