<?xml version="1.0" encoding="UTF-8"?>
<!-- Generated by org.testng.reporters.JUnitReportReporter -->
<testsuite hostname="DESKTOP-PS0MK9Q" failures="0" tests="27" name="New_ui_Testclass.BasicSmoke_MobAndWeb" time="1262.239" errors="0" timestamp="2024-08-06T10:49:41 IST" skipped="1">
  <testcase classname="New_ui_Testclass.BasicSmoke_MobAndWeb" name="CreateCustomerAndVerifyInWeb" time="41.136"/>
  <testcase classname="New_ui_Testclass.BasicSmoke_MobAndWeb" name="EditCustomerAndVerifyInWeb" time="29.330"/>
  <testcase classname="New_ui_Testclass.BasicSmoke_MobAndWeb" name="CustomerEditInWebAndVerifyInMob" time="20.615"/>
  <testcase classname="New_ui_Testclass.BasicSmoke_MobAndWeb" name="AddCommunicationsForCustomer_InMobile" time="54.527"/>
  <testcase classname="New_ui_Testclass.BasicSmoke_MobAndWeb" name="VerifyCustomerNotesInWeb" time="11.247"/>
  <testcase classname="New_ui_Testclass.BasicSmoke_MobAndWeb" name="Assets_ForCustomer" time="32.951"/>
  <testcase classname="New_ui_Testclass.BasicSmoke_MobAndWeb" name="AddCustomerContactsInMob" time="17.702"/>
  <testcase classname="New_ui_Testclass.BasicSmoke_MobAndWeb" name="VerifyCustomerContactOnWeb" time="9.387"/>
  <testcase classname="New_ui_Testclass.BasicSmoke_MobAndWeb" name="AddWorkaddressAndVerifyInWeb" time="42.456"/>
  <testcase classname="New_ui_Testclass.BasicSmoke_MobAndWeb" name="EditWorkAddressAndVerifyinWeb" time="18.690"/>
  <testcase classname="New_ui_Testclass.BasicSmoke_MobAndWeb" name="WorkAddressEditInWebAndVerifyInMob" time="19.235"/>
  <testcase classname="New_ui_Testclass.BasicSmoke_MobAndWeb" name="EstimateAcceptWithPrice_InMobile" time="181.975"/>
  <testcase classname="New_ui_Testclass.BasicSmoke_MobAndWeb" name="Verify_AcceptedEstimate_OnWeb" time="6.822"/>
  <testcase classname="New_ui_Testclass.BasicSmoke_MobAndWeb" name="Reject_Estimate_InMobile" time="83.826"/>
  <testcase classname="New_ui_Testclass.BasicSmoke_MobAndWeb" name="Verify_RejectedEstimateInWeb" time="7.397"/>
  <testcase classname="New_ui_Testclass.BasicSmoke_MobAndWeb" name="Abort_Estimate_InMobile" time="83.494"/>
  <testcase classname="New_ui_Testclass.BasicSmoke_MobAndWeb" name="Verify_AbortedEstimateInWeb" time="7.318"/>
  <testcase classname="New_ui_Testclass.BasicSmoke_MobAndWeb" name="CompleteJobWithInvoiceAndPayment_InMobile" time="143.857"/>
  <testcase classname="New_ui_Testclass.BasicSmoke_MobAndWeb" name="Verify_CompletedJobWithFinalInvoice_OnWeb" time="11.041"/>
  <testcase classname="New_ui_Testclass.BasicSmoke_MobAndWeb" name="Reject_Job_InMobile" time="76.643"/>
  <testcase classname="New_ui_Testclass.BasicSmoke_MobAndWeb" name="Verify_RejectedJobInWeb" time="6.640"/>
  <testcase classname="New_ui_Testclass.BasicSmoke_MobAndWeb" name="Abort_Job_InMobile" time="75.202"/>
  <testcase classname="New_ui_Testclass.BasicSmoke_MobAndWeb" name="Verify_AbortedJobInWeb" time="6.657"/>
  <testcase classname="New_ui_Testclass.BasicSmoke_MobAndWeb" name="GenerateCertificateForJob_And_VerifyInMobile" time="123.642"/>
  <testcase classname="New_ui_Testclass.BasicSmoke_MobAndWeb" name="Verify_CompletedCertificateInWeb" time="9.531"/>
  <testcase classname="New_ui_Testclass.BasicSmoke_MobAndWeb" name="EmailCertificateFromMobileAndVerifyOnTheGmailApp" time="140.918"/>
  <testcase classname="New_ui_Testclass.BasicSmoke_MobAndWeb" name="Demo">
    <skipped/>
  </testcase> <!-- Demo -->
</testsuite> <!-- New_ui_Testclass.BasicSmoke_MobAndWeb -->
