<?xml version="1.0" encoding="UTF-8"?>
<!-- Generated by org.testng.reporters.JUnitReportReporter -->
<testsuite hostname="DESKTOP-PS0MK9Q" failures="0" tests="47" name="New_ui_Testclass.Commusoft_WebAndMobile" time="2621.454" errors="2" timestamp="2024-08-07T12:20:53 IST" skipped="6">
  <testcase classname="New_ui_Testclass.Commusoft_WebAndMobile" name="Add_CustomerInWeb" time="19.009"/>
  <testcase classname="New_ui_Testclass.Commusoft_WebAndMobile" name="VerifyWebCustomerInMobile" time="21.365"/>
  <testcase classname="New_ui_Testclass.Commusoft_WebAndMobile" name="EditCustomerInWeb" time="15.926"/>
  <testcase classname="New_ui_Testclass.Commusoft_WebAndMobile" name="VerifyWebEditedCustomerInMobile" time="13.437"/>
  <testcase classname="New_ui_Testclass.Commusoft_WebAndMobile" name="CommunicationForWebCustomer" time="0.176">
    <skipped/>
  </testcase> <!-- CommunicationForWebCustomer -->
  <testcase classname="New_ui_Testclass.Commusoft_WebAndMobile" name="CommunicationForWebCustomer" time="48.177"/>
  <testcase classname="New_ui_Testclass.Commusoft_WebAndMobile" name="Verify_Customer_Communication_InMobile" time="17.316"/>
  <testcase classname="New_ui_Testclass.Commusoft_WebAndMobile" name="ContactsForWebCustomer" time="18.153"/>
  <testcase classname="New_ui_Testclass.Commusoft_WebAndMobile" name="Verify_CustomerContactsInMobile" time="18.485"/>
  <testcase classname="New_ui_Testclass.Commusoft_WebAndMobile" name="CreateCustomerInMob_AndVerifyInWeb" time="35.930"/>
  <testcase classname="New_ui_Testclass.Commusoft_WebAndMobile" name="EditCustomerInMob_AndVerifyInWeb" time="30.271"/>
  <testcase classname="New_ui_Testclass.Commusoft_WebAndMobile" name="AddCommunicationForCustomerInMobile" time="81.521"/>
  <testcase classname="New_ui_Testclass.Commusoft_WebAndMobile" name="VerifyMobileCustomerCommunicationInWeb" time="9.433"/>
  <testcase classname="New_ui_Testclass.Commusoft_WebAndMobile" name="CreateEstimateDiaryEventInWeb_ForAccept" time="54.684"/>
  <testcase classname="New_ui_Testclass.Commusoft_WebAndMobile" name="Complete_Estimate_DiaryEvent_WithPrice_InMobile" time="76.851"/>
  <testcase classname="New_ui_Testclass.Commusoft_WebAndMobile" name="AcceptedEstimate_StatusAndNotification_Verification_InWeb" time="14.116"/>
  <testcase classname="New_ui_Testclass.Commusoft_WebAndMobile" name="CreateEstimateDiaryEventInWeb_ForReject" time="44.681"/>
  <testcase classname="New_ui_Testclass.Commusoft_WebAndMobile" name="Reject_Estimate_DiaryEvent_InMob" time="17.434"/>
  <testcase classname="New_ui_Testclass.Commusoft_WebAndMobile" name="RejectedEstimate_Status_Verification_InWeb" time="4.976"/>
  <testcase classname="New_ui_Testclass.Commusoft_WebAndMobile" name="CreateEstimateDiaryEventInWeb_ForAbort" time="41.623"/>
  <testcase classname="New_ui_Testclass.Commusoft_WebAndMobile" name="Abort_Estimate_DiaryEvent_InMob" time="17.930"/>
  <testcase classname="New_ui_Testclass.Commusoft_WebAndMobile" name="AbortedEstimate_Status_Verification_InWeb" time="5.322"/>
  <testcase classname="New_ui_Testclass.Commusoft_WebAndMobile" name="Create_EstimateWithoutSurveyTemplate_InWeb" time="84.214"/>
  <testcase classname="New_ui_Testclass.Commusoft_WebAndMobile" name="Complete_Estimate_without_price_and_QA_InMob" time="63.401"/>
  <testcase classname="New_ui_Testclass.Commusoft_WebAndMobile" name="Verify_StatusOf_Estimate_Without_Price_And_QA_InWeb" time="7.174"/>
  <testcase classname="New_ui_Testclass.Commusoft_WebAndMobile" name="CreateJobDiaryEventInWeb_UsingNewQuestionTemplate" time="53.971"/>
  <testcase classname="New_ui_Testclass.Commusoft_WebAndMobile" name="Complete_Job_With_Nobreakdown_FinalInvoiceAndPaymentOnMobile_UsingNewQuestionTemplate" time="70.339"/>
  <testcase classname="New_ui_Testclass.Commusoft_WebAndMobile" name="Verify_CompletedJob_WithNoBreakdown_FinalInvoice_AndPaymentOnWeb_UsingNewQuestionTemplate" time="9.417"/>
  <testcase classname="New_ui_Testclass.Commusoft_WebAndMobile" name="CreateJobDiaryEventInWeb_UsingOldSetup_WithQuestionAndSignature" time="116.287"/>
  <testcase classname="New_ui_Testclass.Commusoft_WebAndMobile" name="Complete_Job_With_BreakdownByCategory_FinalInvoiceAndPaymentOnMobile_UsingOldSetup_Including_QuestionAndSignature" time="73.837"/>
  <testcase classname="New_ui_Testclass.Commusoft_WebAndMobile" name="Verify_CompletedJob_WithBreakdownByCategory_FinalInvoice_AndPaymentOnWeb_UsingOldSetup_Including_QuestionAndSignature" time="9.425"/>
  <testcase classname="New_ui_Testclass.Commusoft_WebAndMobile" name="CreateJobDiaryEventInWeb_UsingOldSetup_WithoutQuestionAndSignature" time="126.055"/>
  <testcase classname="New_ui_Testclass.Commusoft_WebAndMobile" name="Complete_Job_With_FullBreakdown_FinalInvoiceAndPaymentOnMobile_UsingOldSetup_WithoutQuestionAndSignature" time="72.324"/>
  <testcase classname="New_ui_Testclass.Commusoft_WebAndMobile" name="Verify_CompletedJob_WithFullBreakdown_FinalInvoiceAndPaymentOnWeb_UsingOldSetup_WithoutQuestionAndSignature" time="9.251"/>
  <testcase classname="New_ui_Testclass.Commusoft_WebAndMobile" name="Reset_OldQuestionSetup" time="60.061"/>
  <testcase classname="New_ui_Testclass.Commusoft_WebAndMobile" name="CreatePrefinalInvoiceOnMobile_Verify_PrefinalInvoiceOnWebAndMobile_Then_VerifyFinalInvoiceOnBothPlatform_AfterJobCompletion" time="104.073">
    <skipped/>
  </testcase> <!-- CreatePrefinalInvoiceOnMobile_Verify_PrefinalInvoiceOnWebAndMobile_Then_VerifyFinalInvoiceOnBothPlatform_AfterJobCompletion -->
  <testcase classname="New_ui_Testclass.Commusoft_WebAndMobile" name="CreatePrefinalInvoiceOnMobile_Verify_PrefinalInvoiceOnWebAndMobile_Then_VerifyFinalInvoiceOnBothPlatform_AfterJobCompletion" time="113.587">
    <skipped/>
  </testcase> <!-- CreatePrefinalInvoiceOnMobile_Verify_PrefinalInvoiceOnWebAndMobile_Then_VerifyFinalInvoiceOnBothPlatform_AfterJobCompletion -->
  <testcase classname="New_ui_Testclass.Commusoft_WebAndMobile" name="CreatePrefinalInvoiceOnMobile_Verify_PrefinalInvoiceOnWebAndMobile_Then_VerifyFinalInvoiceOnBothPlatform_AfterJobCompletion" time="43.672">
    <error message="Expected condition failed: waiting for element to be clickable: By.xpath: //*[@text=&#039;Home&#039;] (tried for 40 second(s) with 500 milliseconds interval)" type="org.openqa.selenium.TimeoutException">
      <![CDATA[org.openqa.selenium.TimeoutException: Expected condition failed: waiting for element to be clickable: By.xpath: //*[@text='Home'] (tried for 40 second(s) with 500 milliseconds interval)
at org.openqa.selenium.support.ui.WebDriverWait.timeoutException(WebDriverWait.java:95)
at org.openqa.selenium.support.ui.FluentWait.until(FluentWait.java:272)
at MainPack.Wrapper.ExplicitWait_ElementToBeClickable(Wrapper.java:877)
at MobAndWeb_Page.Newui_CreateCustomerOnMob.Home(Newui_CreateCustomerOnMob.java:33)
at New_ui_Testclass.Commusoft_WebAndMobile.CreatePrefinalInvoiceOnMobile_Verify_PrefinalInvoiceOnWebAndMobile_Then_VerifyFinalInvoiceOnBothPlatform_AfterJobCompletion(Commusoft_WebAndMobile.java:1083)
at java.base/jdk.internal.reflect.DirectMethodHandleAccessor.invoke(DirectMethodHandleAccessor.java:103)
at java.base/java.lang.reflect.Method.invoke(Method.java:580)
at org.testng.internal.invokers.MethodInvocationHelper.invokeMethod(MethodInvocationHelper.java:141)
at org.testng.internal.invokers.TestInvoker.invokeMethod(TestInvoker.java:686)
at org.testng.internal.invokers.TestInvoker.retryFailed(TestInvoker.java:269)
at org.testng.internal.invokers.MethodRunner.runInSequence(MethodRunner.java:76)
at org.testng.internal.invokers.TestInvoker$MethodInvocationAgent.invoke(TestInvoker.java:992)
at org.testng.internal.invokers.TestInvoker.invokeTestMethods(TestInvoker.java:203)
at org.testng.internal.invokers.TestMethodWorker.invokeTestMethods(TestMethodWorker.java:154)
at org.testng.internal.invokers.TestMethodWorker.run(TestMethodWorker.java:134)
at java.base/java.util.ArrayList.forEach(ArrayList.java:1597)
at org.testng.TestRunner.privateRun(TestRunner.java:739)
at org.testng.TestRunner.run(TestRunner.java:614)
at org.testng.SuiteRunner.runTest(SuiteRunner.java:421)
at org.testng.SuiteRunner.runSequentially(SuiteRunner.java:413)
at org.testng.SuiteRunner.privateRun(SuiteRunner.java:373)
at org.testng.SuiteRunner.run(SuiteRunner.java:312)
at org.testng.SuiteRunnerWorker.runSuite(SuiteRunnerWorker.java:52)
at org.testng.SuiteRunnerWorker.run(SuiteRunnerWorker.java:95)
at org.testng.TestNG.runSuitesSequentially(TestNG.java:1274)
at org.testng.TestNG.runSuitesLocally(TestNG.java:1208)
at org.testng.TestNG.runSuites(TestNG.java:1112)
at org.testng.TestNG.run(TestNG.java:1079)
at org.testng.remote.AbstractRemoteTestNG.run(AbstractRemoteTestNG.java:115)
at org.testng.remote.RemoteTestNG.initAndRun(RemoteTestNG.java:293)
at org.testng.remote.RemoteTestNG.main(RemoteTestNG.java:91)
Caused by: org.openqa.selenium.NoSuchElementException: An element could not be located on the page using the given search parameters.
For documentation on this error, please visit: https://www.seleniumhq.org/exceptions/no_such_element.html
Build info: version: '3.141.59', revision: 'e82be7d358', time: '2018-11-14T08:17:03'
System info: host: 'DESKTOP-PS0MK9Q', ip: '192.168.100.230', os.name: 'Windows 11', os.arch: 'amd64', os.version: '10.0', java.version: '22.0.1'
Driver info: io.appium.java_client.android.AndroidDriver
Capabilities {appActivity: com.commusoft.v4.Setup.Acti..., appPackage: com.commusoft.v4, automationName: UiAutomator2, clearDeviceLogsOnStart: true, databaseEnabled: false, desired: {appActivity: com.commusoft.v4.Setup.Acti..., appPackage: com.commusoft.v4, automationName: UiAutomator2, clearDeviceLogsOnStart: true, deviceName: Redmi Note 8 Pro, newCommandTimeout: 10000, noReset: true, platformName: android, platformVersion: 11, udid: 192.168.100.93:5555}, deviceApiLevel: 30, deviceManufacturer: Xiaomi, deviceModel: Redmi Note 8 Pro, deviceName: 192.168.100.93:5555, deviceScreenDensity: 440, deviceScreenSize: 1080x2340, deviceUDID: 192.168.100.93:5555, javascriptEnabled: true, locationContextEnabled: false, networkConnectionEnabled: true, newCommandTimeout: 10000, noReset: true, pixelRatio: 2.75, platform: LINUX, platformName: Android, platformVersion: 11, statBarHeight: 76, takesScreenshot: true, udid: 192.168.100.93:5555, viewportRect: {height: 2264, left: 0, top: 76, width: 1080}, warnings: {}, webStorageEnabled: false}
Session ID: 066b24cb-0907-4e07-85e2-37f39ed8ca3f
*** Element info: {Using=xpath, value=//*[@text='Home']}
at java.base/jdk.internal.reflect.DirectConstructorHandleAccessor.newInstance(DirectConstructorHandleAccessor.java:62)
at java.base/java.lang.reflect.Constructor.newInstanceWithCaller(Constructor.java:502)
at java.base/java.lang.reflect.Constructor.newInstance(Constructor.java:486)
at org.openqa.selenium.remote.http.W3CHttpResponseCodec.createException(W3CHttpResponseCodec.java:187)
at org.openqa.selenium.remote.http.W3CHttpResponseCodec.decode(W3CHttpResponseCodec.java:122)
at org.openqa.selenium.remote.http.W3CHttpResponseCodec.decode(W3CHttpResponseCodec.java:49)
at org.openqa.selenium.remote.HttpCommandExecutor.execute(HttpCommandExecutor.java:158)
at io.appium.java_client.remote.AppiumCommandExecutor.execute(AppiumCommandExecutor.java:250)
at org.openqa.selenium.remote.RemoteWebDriver.execute(RemoteWebDriver.java:552)
at io.appium.java_client.DefaultGenericMobileDriver.execute(DefaultGenericMobileDriver.java:41)
at io.appium.java_client.AppiumDriver.execute(AppiumDriver.java:1)
at io.appium.java_client.android.AndroidDriver.execute(AndroidDriver.java:1)
at org.openqa.selenium.remote.RemoteWebDriver.findElement(RemoteWebDriver.java:323)
at io.appium.java_client.DefaultGenericMobileDriver.findElement(DefaultGenericMobileDriver.java:61)
at io.appium.java_client.AppiumDriver.findElement(AppiumDriver.java:1)
at io.appium.java_client.android.AndroidDriver.findElement(AndroidDriver.java:1)
at org.openqa.selenium.remote.RemoteWebDriver.findElementByXPath(RemoteWebDriver.java:428)
at io.appium.java_client.DefaultGenericMobileDriver.findElementByXPath(DefaultGenericMobileDriver.java:151)
at io.appium.java_client.AppiumDriver.findElementByXPath(AppiumDriver.java:1)
at io.appium.java_client.android.AndroidDriver.findElementByXPath(AndroidDriver.java:1)
at org.openqa.selenium.By$ByXPath.findElement(By.java:353)
at org.openqa.selenium.remote.RemoteWebDriver.findElement(RemoteWebDriver.java:315)
at io.appium.java_client.DefaultGenericMobileDriver.findElement(DefaultGenericMobileDriver.java:57)
at io.appium.java_client.AppiumDriver.findElement(AppiumDriver.java:1)
at io.appium.java_client.android.AndroidDriver.findElement(AndroidDriver.java:1)
at org.openqa.selenium.support.ui.ExpectedConditions$7.apply(ExpectedConditions.java:205)
at org.openqa.selenium.support.ui.ExpectedConditions$7.apply(ExpectedConditions.java:201)
at org.openqa.selenium.support.ui.ExpectedConditions$22.apply(ExpectedConditions.java:641)
at org.openqa.selenium.support.ui.ExpectedConditions$22.apply(ExpectedConditions.java:638)
at org.openqa.selenium.support.ui.FluentWait.until(FluentWait.java:249)
... 29 more
]]>
    </error>
  </testcase> <!-- CreatePrefinalInvoiceOnMobile_Verify_PrefinalInvoiceOnWebAndMobile_Then_VerifyFinalInvoiceOnBothPlatform_AfterJobCompletion -->
  <testcase classname="New_ui_Testclass.Commusoft_WebAndMobile" name="AddJobInWebAndCreateCertificateInMobileThenVerifyOnBothPlatform" time="133.168"/>
  <testcase classname="New_ui_Testclass.Commusoft_WebAndMobile" name="EditCertificateInWebAndVerifyModifiedCertificateOnMobile_FinallyEmailCertificateThenVerifyInMobileGmail" time="234.058"/>
  <testcase classname="New_ui_Testclass.Commusoft_WebAndMobile" name="CreateJobInWeb_WithoutCompletionOnMob_AndVerifyStatusOnWeb" time="106.725"/>
  <testcase classname="New_ui_Testclass.Commusoft_WebAndMobile" name="CreateJobWithDefaultPrefinalInvoice_AndVerifyItOnMobileAndCompleteJob_FinallyVerifyConvertedFinalInvoiceOnBothMobileAndWeb" time="52.854">
    <error message="Expected condition failed: waiting for presence of any elements located by By.xpath: //input[@id=&#039;logintype_clientid&#039;] (tried for 40 second(s) with 500 milliseconds interval)
Build info: version: &#039;3.141.59&#039;, revision: &#039;e82be7d358&#039;, time: &#039;2018-11-14T08:17:03&#039;
System info: host: &#039;DESKTOP-PS0MK9Q&#039;, ip: &#039;192.168.100.230&#039;, os.name: &#039;Windows 11&#039;, os.arch: &#039;amd64&#039;, os.version: &#039;10.0&#039;, java.version: &#039;22.0.1&#039;
Driver info: org.openqa.selenium.support.events.EventFiringWebDriver
Capabilities {acceptInsecureCerts: false, browserName: chrome, browserVersion: 127.0.6533.89, chrome: {chromedriverVersion: 127.0.6533.99 (f31af5097d90..., userDataDir: C:\Users\SARAVA~1\AppData\L...}, fedcm:accounts: true, goog:chromeOptions: {debuggerAddress: localhost:55077}, javascriptEnabled: true, networkConnectionEnabled: false, pageLoadStrategy: normal, platform: WINDOWS, platformName: WINDOWS, proxy: Proxy(), setWindowRect: true, strictFileInteractability: false, timeouts: {implicit: 0, pageLoad: 300000, script: 30000}, unhandledPromptBehavior: dismiss and notify, webauthn:extension:credBlob: true, webauthn:extension:largeBlob: true, webauthn:extension:minPinLength: true, webauthn:extension:prf: true, webauthn:virtualAuthenticators: true}
Session ID: e4d274710dcff31c7cf2c9e1e9018e94" type="org.openqa.selenium.TimeoutException">
      <![CDATA[org.openqa.selenium.TimeoutException: Expected condition failed: waiting for presence of any elements located by By.xpath: //input[@id='logintype_clientid'] (tried for 40 second(s) with 500 milliseconds interval)
Build info: version: '3.141.59', revision: 'e82be7d358', time: '2018-11-14T08:17:03'
System info: host: 'DESKTOP-PS0MK9Q', ip: '192.168.100.230', os.name: 'Windows 11', os.arch: 'amd64', os.version: '10.0', java.version: '22.0.1'
Driver info: org.openqa.selenium.support.events.EventFiringWebDriver
Capabilities {acceptInsecureCerts: false, browserName: chrome, browserVersion: 127.0.6533.89, chrome: {chromedriverVersion: 127.0.6533.99 (f31af5097d90..., userDataDir: C:\Users\SARAVA~1\AppData\L...}, fedcm:accounts: true, goog:chromeOptions: {debuggerAddress: localhost:55077}, javascriptEnabled: true, networkConnectionEnabled: false, pageLoadStrategy: normal, platform: WINDOWS, platformName: WINDOWS, proxy: Proxy(), setWindowRect: true, strictFileInteractability: false, timeouts: {implicit: 0, pageLoad: 300000, script: 30000}, unhandledPromptBehavior: dismiss and notify, webauthn:extension:credBlob: true, webauthn:extension:largeBlob: true, webauthn:extension:minPinLength: true, webauthn:extension:prf: true, webauthn:virtualAuthenticators: true}
Session ID: e4d274710dcff31c7cf2c9e1e9018e94
at org.openqa.selenium.support.ui.WebDriverWait.timeoutException(WebDriverWait.java:95)
at org.openqa.selenium.support.ui.FluentWait.until(FluentWait.java:272)
at MainPack.WrapperForWeb.ExplicitWait_PresenceOfEle2(WrapperForWeb.java:307)
at MainPack.WrapperForWeb.Owner_Login(WrapperForWeb.java:452)
at MobAndWeb_Page.Settings.OwnerLogin(Settings.java:28)
at New_ui_Testclass.Commusoft_WebAndMobile.CreateJobWithDefaultPrefinalInvoice_AndVerifyItOnMobileAndCompleteJob_FinallyVerifyConvertedFinalInvoiceOnBothMobileAndWeb(Commusoft_WebAndMobile.java:1486)
at java.base/jdk.internal.reflect.DirectMethodHandleAccessor.invoke(DirectMethodHandleAccessor.java:103)
at java.base/java.lang.reflect.Method.invoke(Method.java:580)
at org.testng.internal.invokers.MethodInvocationHelper.invokeMethod(MethodInvocationHelper.java:141)
at org.testng.internal.invokers.TestInvoker.invokeMethod(TestInvoker.java:686)
at org.testng.internal.invokers.TestInvoker.retryFailed(TestInvoker.java:269)
at org.testng.internal.invokers.MethodRunner.runInSequence(MethodRunner.java:76)
at org.testng.internal.invokers.TestInvoker$MethodInvocationAgent.invoke(TestInvoker.java:992)
at org.testng.internal.invokers.TestInvoker.invokeTestMethods(TestInvoker.java:203)
at org.testng.internal.invokers.TestMethodWorker.invokeTestMethods(TestMethodWorker.java:154)
at org.testng.internal.invokers.TestMethodWorker.run(TestMethodWorker.java:134)
at java.base/java.util.ArrayList.forEach(ArrayList.java:1597)
at org.testng.TestRunner.privateRun(TestRunner.java:739)
at org.testng.TestRunner.run(TestRunner.java:614)
at org.testng.SuiteRunner.runTest(SuiteRunner.java:421)
at org.testng.SuiteRunner.runSequentially(SuiteRunner.java:413)
at org.testng.SuiteRunner.privateRun(SuiteRunner.java:373)
at org.testng.SuiteRunner.run(SuiteRunner.java:312)
at org.testng.SuiteRunnerWorker.runSuite(SuiteRunnerWorker.java:52)
at org.testng.SuiteRunnerWorker.run(SuiteRunnerWorker.java:95)
at org.testng.TestNG.runSuitesSequentially(TestNG.java:1274)
at org.testng.TestNG.runSuitesLocally(TestNG.java:1208)
at org.testng.TestNG.runSuites(TestNG.java:1112)
at org.testng.TestNG.run(TestNG.java:1079)
at org.testng.remote.AbstractRemoteTestNG.run(AbstractRemoteTestNG.java:115)
at org.testng.remote.RemoteTestNG.initAndRun(RemoteTestNG.java:293)
at org.testng.remote.RemoteTestNG.main(RemoteTestNG.java:91)
]]>
    </error>
  </testcase> <!-- CreateJobWithDefaultPrefinalInvoice_AndVerifyItOnMobileAndCompleteJob_FinallyVerifyConvertedFinalInvoiceOnBothMobileAndWeb -->
  <testcase classname="New_ui_Testclass.Commusoft_WebAndMobile" name="CreateJobWithDefaultPrefinalInvoice_AndVerifyItOnMobileAndCompleteJob_FinallyVerifyConvertedFinalInvoiceOnBothMobileAndWeb" time="108.516">
    <skipped/>
  </testcase> <!-- CreateJobWithDefaultPrefinalInvoice_AndVerifyItOnMobileAndCompleteJob_FinallyVerifyConvertedFinalInvoiceOnBothMobileAndWeb -->
  <testcase classname="New_ui_Testclass.Commusoft_WebAndMobile" name="CreateJobWithDefaultPrefinalInvoice_AndVerifyItOnMobileAndCompleteJob_FinallyVerifyConvertedFinalInvoiceOnBothMobileAndWeb" time="41.733">
    <skipped/>
  </testcase> <!-- CreateJobWithDefaultPrefinalInvoice_AndVerifyItOnMobileAndCompleteJob_FinallyVerifyConvertedFinalInvoiceOnBothMobileAndWeb -->
  <testcase classname="New_ui_Testclass.Commusoft_WebAndMobile" name="SelectCompletedJobFromWebNotificationAndCreateFinalInvoiceForJobInWeb_ThenCompleteInvoiceFromMobile_FinallyVerifyOnBothMobileAndWeb" time="49.120">
    <skipped/>
  </testcase> <!-- SelectCompletedJobFromWebNotificationAndCreateFinalInvoiceForJobInWeb_ThenCompleteInvoiceFromMobile_FinallyVerifyOnBothMobileAndWeb -->
  <testcase classname="New_ui_Testclass.Commusoft_WebAndMobile" name="SelectCompletedJobFromWebNotificationAndCreateFinalInvoiceForJobInWeb_ThenCompleteInvoiceFromMobile_FinallyVerifyOnBothMobileAndWeb" time="150.856"/>
  <testcase classname="New_ui_Testclass.Commusoft_WebAndMobile" name="VerifyArriveAndLeaveAnswersOnBothMobileAndWeb" time="120.520"/>
</testsuite> <!-- New_ui_Testclass.Commusoft_WebAndMobile -->
