<?xml version="1.0" encoding="UTF-8"?>
<!-- Generated by org.testng.reporters.JUnitReportReporter -->
<testsuite hostname="Saravanan-Santhanam" failures="0" tests="1" name="New_ui_Testclass.Demo" time="10.677" errors="0" timestamp="2024-01-11T17:11:41 IST" skipped="0">
  <testcase classname="New_ui_Testclass.Demo" name="Test" time="10.677"/>
  <system-out/>
</testsuite> <!-- New_ui_Testclass.Demo -->
