<?xml version="1.0" encoding="UTF-8"?>
<!-- Generated by org.testng.reporters.JUnitReportReporter -->
<testsuite hostname="Saravanan-Santhanam" failures="0" tests="1" name="New_ui_Testclass.DemoForRerunFailedCaseOnly" time="66.120" errors="0" timestamp="2024-03-15T12:25:17 IST" skipped="0">
  <testcase classname="New_ui_Testclass.DemoForRerunFailedCaseOnly" name="FinalTestCase" time="66.120"/>
  <system-out/>
</testsuite> <!-- New_ui_Testclass.DemoForRerunFailedCaseOnly -->
