<?xml version="1.0" encoding="UTF-8"?>
<!-- Generated by org.testng.reporters.JUnitReportReporter -->
<testsuite hostname="karnans-MacBook-Air.local" failures="0" tests="3" name="New_ui_Testclass.BasicSmoke_MobAndWeb" time="177.669" errors="1" timestamp="2024-05-06T15:26:09 IST" skipped="2">
  <testcase classname="New_ui_Testclass.BasicSmoke_MobAndWeb" name="CreateCustomerAndVerifyInWeb" time="71.538">
    <error message="Expected condition failed: waiting for presence of any elements located by By.xpath: //input[@type=&#039;search&#039;] (tried for 40 second(s) with 500 milliseconds interval)
Build info: version: &#039;3.141.59&#039;, revision: &#039;e82be7d358&#039;, time: &#039;2018-11-14T08:17:03&#039;
System info: host: &#039;karnans-MacBook-Air.local&#039;, ip: &#039;fe80:0:0:0:1806:5e00:4599:7c36%en0&#039;, os.name: &#039;Mac OS X&#039;, os.arch: &#039;aarch64&#039;, os.version: &#039;13.5&#039;, java.version: &#039;21.0.1&#039;
Driver info: org.openqa.selenium.support.events.EventFiringWebDriver
Capabilities {acceptInsecureCerts: false, browserName: chrome, browserVersion: 124.0.6367.119, chrome: {chromedriverVersion: 124.0.6367.91 (51df0e5e17a8..., userDataDir: /var/folders/lm/6yyjzpm17l1...}, fedcm:accounts: true, goog:chromeOptions: {debuggerAddress: localhost:59538}, javascriptEnabled: true, networkConnectionEnabled: false, pageLoadStrategy: normal, platform: MAC, platformName: MAC, proxy: Proxy(), setWindowRect: true, strictFileInteractability: false, timeouts: {implicit: 0, pageLoad: 300000, script: 30000}, unhandledPromptBehavior: dismiss and notify, webauthn:extension:credBlob: true, webauthn:extension:largeBlob: true, webauthn:extension:minPinLength: true, webauthn:extension:prf: true, webauthn:virtualAuthenticators: true}
Session ID: d70810c983d499a6e6025b688e3d2abe" type="org.openqa.selenium.TimeoutException">
      <![CDATA[org.openqa.selenium.TimeoutException: Expected condition failed: waiting for presence of any elements located by By.xpath: //input[@type='search'] (tried for 40 second(s) with 500 milliseconds interval)
Build info: version: '3.141.59', revision: 'e82be7d358', time: '2018-11-14T08:17:03'
System info: host: 'karnans-MacBook-Air.local', ip: 'fe80:0:0:0:1806:5e00:4599:7c36%en0', os.name: 'Mac OS X', os.arch: 'aarch64', os.version: '13.5', java.version: '21.0.1'
Driver info: org.openqa.selenium.support.events.EventFiringWebDriver
Capabilities {acceptInsecureCerts: false, browserName: chrome, browserVersion: 124.0.6367.119, chrome: {chromedriverVersion: 124.0.6367.91 (51df0e5e17a8..., userDataDir: /var/folders/lm/6yyjzpm17l1...}, fedcm:accounts: true, goog:chromeOptions: {debuggerAddress: localhost:59538}, javascriptEnabled: true, networkConnectionEnabled: false, pageLoadStrategy: normal, platform: MAC, platformName: MAC, proxy: Proxy(), setWindowRect: true, strictFileInteractability: false, timeouts: {implicit: 0, pageLoad: 300000, script: 30000}, unhandledPromptBehavior: dismiss and notify, webauthn:extension:credBlob: true, webauthn:extension:largeBlob: true, webauthn:extension:minPinLength: true, webauthn:extension:prf: true, webauthn:virtualAuthenticators: true}
Session ID: d70810c983d499a6e6025b688e3d2abe
at org.openqa.selenium.support.ui.WebDriverWait.timeoutException(WebDriverWait.java:95)
at org.openqa.selenium.support.ui.FluentWait.until(FluentWait.java:272)
at MainPack.WrapperForWeb.ExplicitWait_PresenceOfEle2(WrapperForWeb.java:307)
at MobAndWeb_Page.VerifyCustomerOnWeb.SearchCustomer(VerifyCustomerOnWeb.java:35)
at New_ui_Testclass.BasicSmoke_MobAndWeb.CreateCustomerAndVerifyInWeb(BasicSmoke_MobAndWeb.java:84)
at java.base/jdk.internal.reflect.DirectMethodHandleAccessor.invoke(DirectMethodHandleAccessor.java:103)
at java.base/java.lang.reflect.Method.invoke(Method.java:580)
at org.testng.internal.MethodInvocationHelper.invokeMethod(MethodInvocationHelper.java:133)
at org.testng.internal.TestInvoker.invokeMethod(TestInvoker.java:598)
at org.testng.internal.TestInvoker.retryFailed(TestInvoker.java:213)
at org.testng.internal.MethodRunner.runInSequence(MethodRunner.java:58)
at org.testng.internal.TestInvoker$MethodInvocationAgent.invoke(TestInvoker.java:824)
at org.testng.internal.TestInvoker.invokeTestMethods(TestInvoker.java:146)
at org.testng.internal.TestMethodWorker.invokeTestMethods(TestMethodWorker.java:146)
at org.testng.internal.TestMethodWorker.run(TestMethodWorker.java:128)
at java.base/java.util.ArrayList.forEach(ArrayList.java:1596)
at org.testng.TestRunner.privateRun(TestRunner.java:794)
at org.testng.TestRunner.run(TestRunner.java:596)
at org.testng.SuiteRunner.runTest(SuiteRunner.java:377)
at org.testng.SuiteRunner.runSequentially(SuiteRunner.java:371)
at org.testng.SuiteRunner.privateRun(SuiteRunner.java:332)
at org.testng.SuiteRunner.run(SuiteRunner.java:276)
at org.testng.SuiteRunnerWorker.runSuite(SuiteRunnerWorker.java:53)
at org.testng.SuiteRunnerWorker.run(SuiteRunnerWorker.java:96)
at org.testng.TestNG.runSuitesSequentially(TestNG.java:1212)
at org.testng.TestNG.runSuitesLocally(TestNG.java:1134)
at org.testng.TestNG.runSuites(TestNG.java:1063)
at org.testng.TestNG.run(TestNG.java:1031)
at org.testng.remote.AbstractRemoteTestNG.run(AbstractRemoteTestNG.java:115)
at org.testng.remote.RemoteTestNG.initAndRun(RemoteTestNG.java:251)
at org.testng.remote.RemoteTestNG.main(RemoteTestNG.java:77)
]]>
    </error>
  </testcase> <!-- CreateCustomerAndVerifyInWeb -->
  <system-out/>
  <testcase classname="New_ui_Testclass.BasicSmoke_MobAndWeb" name="CreateCustomerAndVerifyInWeb" time="65.146">
    <skipped/>
  </testcase> <!-- CreateCustomerAndVerifyInWeb -->
  <system-out/>
  <testcase classname="New_ui_Testclass.BasicSmoke_MobAndWeb" name="CreateCustomerAndVerifyInWeb" time="40.985">
    <skipped/>
  </testcase> <!-- CreateCustomerAndVerifyInWeb -->
  <system-out/>
</testsuite> <!-- New_ui_Testclass.BasicSmoke_MobAndWeb -->
