<?xml version="1.0" encoding="UTF-8"?>
<!-- Generated by org.testng.reporters.JUnitReportReporter -->
<testsuite hostname="DESKTOP-VK59J2P" failures="0" tests="1" name="testcase.Shiva_demo" time="24.629" errors="0" timestamp="2021-07-20T14:03:18 IST" skipped="0">
  <testcase classname="testcase.Shiva_demo" name="Demo" time="24.629"/>
  <system-out/>
</testsuite> <!-- testcase.Shiva_demo -->
